<?xml version="1.0" encoding="UTF-8"?>
<testng-results ignored="0" total="1" passed="1" failed="0" skipped="0">
  <reporter-output>
  </reporter-output>
  <suite started-at="2021-07-16T23:19:19 IST" name="Default suite" finished-at="2021-07-16T23:19:30 IST" duration-ms="10644">
    <groups>
    </groups>
    <test started-at="2021-07-16T23:19:19 IST" name="Default test" finished-at="2021-07-16T23:19:30 IST" duration-ms="10644">
      <class name="com.cleartrip.qa.testcases.SearchFlights">
        <test-method is-config="true" signature="setUp()[pri:0, instance:com.cleartrip.qa.testcases.SearchFlights@1622f1b]" started-at="2021-07-16T23:19:19 IST" name="setUp" finished-at="2021-07-16T23:19:25 IST" duration-ms="5649" status="PASS">
          <reporter-output>
          </reporter-output>
        </test-method> <!-- setUp -->
        <test-method signature="test1()[pri:0, instance:com.cleartrip.qa.testcases.SearchFlights@1622f1b]" started-at="2021-07-16T23:19:25 IST" name="test1" finished-at="2021-07-16T23:19:29 IST" duration-ms="4127" status="PASS">
          <reporter-output>
          </reporter-output>
        </test-method> <!-- test1 -->
        <test-method is-config="true" signature="tearDown()[pri:0, instance:com.cleartrip.qa.testcases.SearchFlights@1622f1b]" started-at="2021-07-16T23:19:29 IST" name="tearDown" finished-at="2021-07-16T23:19:30 IST" duration-ms="818" status="PASS">
          <reporter-output>
          </reporter-output>
        </test-method> <!-- tearDown -->
      </class> <!-- com.cleartrip.qa.testcases.SearchFlights -->
    </test> <!-- Default test -->
  </suite> <!-- Default suite -->
</testng-results>
